Using pre-set license
Built from '2021.1/staging' branch; Version is '2021.1.19f1 (5f5eb8bbdc25) revision 6250168'; Using compiler version '192528614'; Build Type 'Release'
OS: 'Windows 10 Enterprise; OS build 19042.1165; Version 2009; 64bit' Language: 'en' Physical Memory: 16265 MB
BatchMode: 1, IsHumanControllingUs: 0, StartBugReporterOnCrash: 0, Is64bit: 1, IsPro: 0

COMMAND LINE ARGUMENTS:
C:\Program Files\Unity\Hub\Editor\2021.1.19f1\Editor\Unity.exe
-adb2
-batchMode
-noUpm
-name
AssetImportWorker0
-projectPath
C:/Users/AMondal/Documents/source/Lasthour
-logFile
Logs/AssetImportWorker0.log
-srvPort
64904
Successfully changed project path to: C:/Users/AMondal/Documents/source/Lasthour
C:/Users/AMondal/Documents/source/Lasthour
Using Asset Import Pipeline V2.
Refreshing native plugins compatible for Editor in 157.79 ms, found 2 plugins.
Preloading 0 native plugins for Editor in 0.00 ms.
Initialize engine version: 2021.1.19f1 (5f5eb8bbdc25)
[Subsystems] Discovering subsystems at path C:/Program Files/Unity/Hub/Editor/2021.1.19f1/Editor/Data/Resources/UnitySubsystems
[Subsystems] Discovering subsystems at path C:/Users/AMondal/Documents/source/Lasthour/Assets
GfxDevice: creating device client; threaded=0; jobified=0
Direct3D:
    Version:  Direct3D 11.0 [level 11.1]
    Renderer: Intel(R) HD Graphics 520 (ID=0x1916)
    Vendor:   Intel
    VRAM:     8132 MB
    Driver:   27.20.100.9171
Initialize mono
Mono path[0] = 'C:/Program Files/Unity/Hub/Editor/2021.1.19f1/Editor/Data/Managed'
Mono path[1] = 'C:/Program Files/Unity/Hub/Editor/2021.1.19f1/Editor/Data/MonoBleedingEdge/lib/mono/unityjit'
Mono config path = 'C:/Program Files/Unity/Hub/Editor/2021.1.19f1/Editor/Data/MonoBleedingEdge/etc'
Using monoOptions --debugger-agent=transport=dt_socket,embedding=1,server=y,suspend=n,address=127.0.0.1:56600
Begin MonoManager ReloadAssembly
Registering precompiled unity dll's ...
Register platform support module: C:/Program Files/Unity/Hub/Editor/2021.1.19f1/Editor/Data/PlaybackEngines/WebGLSupport/UnityEditor.WebGL.Extensions.dll
Register platform support module: C:/Program Files/Unity/Hub/Editor/2021.1.19f1/Editor/Data/PlaybackEngines/WindowsStandaloneSupport/UnityEditor.WindowsStandalone.Extensions.dll
Registered in 0.007713 seconds.
Native extension for WindowsStandalone target not found
Native extension for WebGL target not found
Refreshing native plugins compatible for Editor in 597.12 ms, found 2 plugins.
Preloading 0 native plugins for Editor in 0.00 ms.
Mono: successfully reloaded assembly
- Completed reload, in 21.092 seconds
Domain Reload Profiling:
	ReloadAssembly (21093ms)
		BeginReloadAssembly (188ms)
			ExecutionOrderSort (0ms)
			DisableScriptedObjects (0ms)
			BackupInstance (0ms)
			ReleaseScriptingObjects (0ms)
			CreateAndSetChildDomain (2ms)
		EndReloadAssembly (1579ms)
			LoadAssemblies (185ms)
			RebuildTransferFunctionScriptingTraits (0ms)
			SetupTypeCache (310ms)
			ReleaseScriptCaches (0ms)
			RebuildScriptCaches (53ms)
			SetupLoadedEditorAssemblies (1096ms)
				LogAssemblyErrors (0ms)
				InitializePlatformSupportModulesInManaged (14ms)
				SetLoadedEditorAssemblies (1ms)
				RefreshPlugins (597ms)
				BeforeProcessingInitializeOnLoad (4ms)
				ProcessInitializeOnLoadAttributes (265ms)
				ProcessInitializeOnLoadMethodAttributes (215ms)
				AfterProcessingInitializeOnLoad (0ms)
				EditorAssembliesLoaded (0ms)
			ExecutionOrderSort2 (0ms)
			AwakeInstancesAfterBackupRestoration (0ms)
Platform modules already initialized, skipping
Registering precompiled user dll's ...
Registered in 0.057054 seconds.
Required property 'name' not set (Packages/com.unity.adaptiveperformance/Tests/Editor/Unity.AdaptivePerformance.Editor.Tests.asmdef)
Required property 'name' not set (Packages/com.unity.adaptiveperformance/Tests/TestPackage/Runtime/Unity.AdaptivePerformance.TestPackage.asmdef)
Required property 'name' not set (Packages/com.unity.adaptiveperformance/Editor/DeviceSimulator/Unity.AdaptivePerformance.Simulator.Extension.Editor.asmdef)
Required property 'name' not set (Packages/com.unity.subsystemregistration/Runtime/Unity.Subsystem.Registration.asmdef)
Required property 'name' not set (Packages/com.unity.subsystemregistration/Tests/Runtime/Unity.Subsystem.Registration.Runtime.Tests.asmdef)
Required property 'name' not set (Packages/com.unity.adaptiveperformance/Editor/Provider/Unity.AdaptivePerformance.Simulator.Editor.asmdef)
Required property 'name' not set (Packages/com.unity.adaptiveperformance/Tests/TestPackage/Editor/Unity.AdaptivePerformance.TestPackage.Editor.asmdef)
Required property 'name' not set (Packages/com.unity.adaptiveperformance/Editor/Unity.AdaptivePerformance.Editor.asmdef)
Required property 'name' not set (Packages/com.unity.adaptiveperformance/Tests/Runtime/Unity.AdaptivePerformance.Tests.asmdef)
Required property 'name' not set (Packages/com.unity.adaptiveperformance/Runtime/Unity.AdaptivePerformance.asmdef)
Required property 'name' not set (Packages/com.unity.adaptiveperformance/Tests/StandaloneSubsystem/Unity.AdaptivePerformance.Tests.Standalone.asmdef)
